{"C:\\Users\\waggt\\Desktop\\DesafioPrinter\\NodeExpressApi\\src\\server.ts": {"path":"C:\\Users\\waggt\\Desktop\\DesafioPrinter\\NodeExpressApi\\src\\server.ts","statementMap":{"0":{"start":{"line":1,"column":0},"end":{"line":1,"column":30}},"1":{"start":{"line":3,"column":15},"end":{"line":3,"column":24}},"2":{"start":{"line":4,"column":0},"end":{"line":4,"column":27}},"3":{"start":{"line":5,"column":0},"end":{"line":5,"column":22}}},"fnMap":{},"branchMap":{},"s":{"0":2,"1":2,"2":2,"3":2},"f":{},"b":{}}
,"C:\\Users\\waggt\\Desktop\\DesafioPrinter\\NodeExpressApi\\src\\folder\\presentation\\routers\\folder-router.ts": {"path":"C:\\Users\\waggt\\Desktop\\DesafioPrinter\\NodeExpressApi\\src\\folder\\presentation\\routers\\folder-router.ts","statementMap":{"0":{"start":{"line":1,"column":0},"end":{"line":1,"column":53}},"1":{"start":{"line":15,"column":17},"end":{"line":15,"column":33}},"2":{"start":{"line":17,"column":2},"end":{"line":24,"column":5}},"3":{"start":{"line":17,"column":56},"end":{"line":24,"column":4}},"4":{"start":{"line":18,"column":4},"end":{"line":23,"column":5}},"5":{"start":{"line":19,"column":22},"end":{"line":19,"column":55}},"6":{"start":{"line":20,"column":6},"end":{"line":20,"column":24}},"7":{"start":{"line":22,"column":6},"end":{"line":22,"column":66}},"8":{"start":{"line":26,"column":2},"end":{"line":34,"column":5}},"9":{"start":{"line":26,"column":57},"end":{"line":34,"column":4}},"10":{"start":{"line":27,"column":4},"end":{"line":33,"column":5}},"11":{"start":{"line":28,"column":6},"end":{"line":28,"column":50}},"12":{"start":{"line":29,"column":6},"end":{"line":29,"column":27}},"13":{"start":{"line":30,"column":6},"end":{"line":30,"column":39}},"14":{"start":{"line":32,"column":6},"end":{"line":32,"column":65}},"15":{"start":{"line":36,"column":2},"end":{"line":44,"column":5}},"16":{"start":{"line":36,"column":59},"end":{"line":44,"column":4}},"17":{"start":{"line":37,"column":4},"end":{"line":43,"column":5}},"18":{"start":{"line":38,"column":6},"end":{"line":38,"column":78}},"19":{"start":{"line":39,"column":6},"end":{"line":39,"column":27}},"20":{"start":{"line":40,"column":6},"end":{"line":40,"column":39}},"21":{"start":{"line":42,"column":6},"end":{"line":42,"column":65}},"22":{"start":{"line":46,"column":2},"end":{"line":57,"column":5}},"23":{"start":{"line":46,"column":64},"end":{"line":57,"column":4}},"24":{"start":{"line":47,"column":4},"end":{"line":56,"column":5}},"25":{"start":{"line":48,"column":6},"end":{"line":51,"column":8}},"26":{"start":{"line":52,"column":6},"end":{"line":52,"column":27}},"27":{"start":{"line":53,"column":6},"end":{"line":53,"column":37}},"28":{"start":{"line":55,"column":6},"end":{"line":55,"column":63}},"29":{"start":{"line":59,"column":2},"end":{"line":67,"column":5}},"30":{"start":{"line":59,"column":62},"end":{"line":67,"column":4}},"31":{"start":{"line":60,"column":4},"end":{"line":66,"column":5}},"32":{"start":{"line":61,"column":6},"end":{"line":61,"column":63}},"33":{"start":{"line":62,"column":6},"end":{"line":62,"column":27}},"34":{"start":{"line":63,"column":6},"end":{"line":63,"column":39}},"35":{"start":{"line":65,"column":6},"end":{"line":65,"column":65}},"36":{"start":{"line":69,"column":2},"end":{"line":69,"column":16}},"37":{"start":{"line":8,"column":0},"end":{"line":8,"column":24}}},"fnMap":{"0":{"name":"FoldersRouter","decl":{"start":{"line":8,"column":24},"end":{"line":8,"column":37}},"loc":{"start":{"line":13,"column":42},"end":{"line":70,"column":1}}},"1":{"name":"(anonymous_9)","decl":{"start":{"line":17,"column":18},"end":{"line":17,"column":25}},"loc":{"start":{"line":17,"column":56},"end":{"line":24,"column":4}}},"2":{"name":"(anonymous_10)","decl":{"start":{"line":17,"column":56},"end":{"line":17,"column":null}},"loc":{"start":{"line":17,"column":56},"end":{"line":24,"column":3}}},"3":{"name":"(anonymous_11)","decl":{"start":{"line":26,"column":19},"end":{"line":26,"column":26}},"loc":{"start":{"line":26,"column":57},"end":{"line":34,"column":4}}},"4":{"name":"(anonymous_12)","decl":{"start":{"line":26,"column":57},"end":{"line":26,"column":null}},"loc":{"start":{"line":26,"column":57},"end":{"line":34,"column":3}}},"5":{"name":"(anonymous_13)","decl":{"start":{"line":36,"column":21},"end":{"line":36,"column":28}},"loc":{"start":{"line":36,"column":59},"end":{"line":44,"column":4}}},"6":{"name":"(anonymous_14)","decl":{"start":{"line":36,"column":59},"end":{"line":36,"column":null}},"loc":{"start":{"line":36,"column":59},"end":{"line":44,"column":3}}},"7":{"name":"(anonymous_15)","decl":{"start":{"line":46,"column":26},"end":{"line":46,"column":33}},"loc":{"start":{"line":46,"column":64},"end":{"line":57,"column":4}}},"8":{"name":"(anonymous_16)","decl":{"start":{"line":46,"column":64},"end":{"line":46,"column":null}},"loc":{"start":{"line":46,"column":64},"end":{"line":57,"column":3}}},"9":{"name":"(anonymous_17)","decl":{"start":{"line":59,"column":24},"end":{"line":59,"column":31}},"loc":{"start":{"line":59,"column":62},"end":{"line":67,"column":4}}},"10":{"name":"(anonymous_18)","decl":{"start":{"line":59,"column":62},"end":{"line":59,"column":null}},"loc":{"start":{"line":59,"column":62},"end":{"line":67,"column":3}}}},"branchMap":{},"s":{"0":2,"1":2,"2":2,"3":3,"4":3,"5":3,"6":2,"7":1,"8":2,"9":2,"10":2,"11":2,"12":1,"13":1,"14":1,"15":2,"16":2,"17":2,"18":2,"19":1,"20":1,"21":1,"22":2,"23":2,"24":2,"25":2,"26":1,"27":1,"28":1,"29":2,"30":2,"31":2,"32":2,"33":1,"34":1,"35":1,"36":2,"37":2},"f":{"0":2,"1":3,"2":3,"3":2,"4":2,"5":2,"6":2,"7":2,"8":2,"9":2,"10":2},"b":{}}
}
