{"C:\\Users\\waggt\\Desktop\\DesafioPrinter\\NodeExpressApi\\src\\server.ts": {"path":"C:\\Users\\waggt\\Desktop\\DesafioPrinter\\NodeExpressApi\\src\\server.ts","statementMap":{"0":{"start":{"line":1,"column":0},"end":{"line":1,"column":30}},"1":{"start":{"line":3,"column":15},"end":{"line":3,"column":24}},"2":{"start":{"line":4,"column":0},"end":{"line":4,"column":27}},"3":{"start":{"line":5,"column":0},"end":{"line":5,"column":22}}},"fnMap":{},"branchMap":{},"s":{"0":2,"1":2,"2":2,"3":2},"f":{},"b":{}}
,"C:\\Users\\waggt\\Desktop\\DesafioPrinter\\NodeExpressApi\\src\\folder\\presentation\\routers\\folder-router.ts": {"path":"C:\\Users\\waggt\\Desktop\\DesafioPrinter\\NodeExpressApi\\src\\folder\\presentation\\routers\\folder-router.ts","statementMap":{"0":{"start":{"line":1,"column":0},"end":{"line":1,"column":53}},"1":{"start":{"line":19,"column":17},"end":{"line":19,"column":33}},"2":{"start":{"line":21,"column":2},"end":{"line":28,"column":5}},"3":{"start":{"line":21,"column":56},"end":{"line":28,"column":4}},"4":{"start":{"line":22,"column":4},"end":{"line":27,"column":5}},"5":{"start":{"line":23,"column":22},"end":{"line":23,"column":55}},"6":{"start":{"line":24,"column":6},"end":{"line":24,"column":24}},"7":{"start":{"line":26,"column":6},"end":{"line":26,"column":66}},"8":{"start":{"line":30,"column":2},"end":{"line":39,"column":5}},"9":{"start":{"line":30,"column":59},"end":{"line":39,"column":4}},"10":{"start":{"line":31,"column":4},"end":{"line":38,"column":5}},"11":{"start":{"line":32,"column":22},"end":{"line":33,"column":null}},"12":{"start":{"line":35,"column":6},"end":{"line":35,"column":24}},"13":{"start":{"line":37,"column":6},"end":{"line":37,"column":65}},"14":{"start":{"line":41,"column":2},"end":{"line":50,"column":5}},"15":{"start":{"line":41,"column":65},"end":{"line":50,"column":4}},"16":{"start":{"line":42,"column":4},"end":{"line":49,"column":5}},"17":{"start":{"line":43,"column":22},"end":{"line":44,"column":null}},"18":{"start":{"line":46,"column":6},"end":{"line":46,"column":24}},"19":{"start":{"line":48,"column":6},"end":{"line":48,"column":65}},"20":{"start":{"line":52,"column":2},"end":{"line":60,"column":5}},"21":{"start":{"line":52,"column":57},"end":{"line":60,"column":4}},"22":{"start":{"line":53,"column":4},"end":{"line":59,"column":5}},"23":{"start":{"line":54,"column":6},"end":{"line":54,"column":50}},"24":{"start":{"line":55,"column":6},"end":{"line":55,"column":27}},"25":{"start":{"line":56,"column":6},"end":{"line":56,"column":39}},"26":{"start":{"line":58,"column":6},"end":{"line":58,"column":65}},"27":{"start":{"line":62,"column":2},"end":{"line":70,"column":5}},"28":{"start":{"line":62,"column":59},"end":{"line":70,"column":4}},"29":{"start":{"line":63,"column":4},"end":{"line":69,"column":5}},"30":{"start":{"line":64,"column":6},"end":{"line":64,"column":78}},"31":{"start":{"line":65,"column":6},"end":{"line":65,"column":27}},"32":{"start":{"line":66,"column":6},"end":{"line":66,"column":39}},"33":{"start":{"line":68,"column":6},"end":{"line":68,"column":65}},"34":{"start":{"line":72,"column":2},"end":{"line":83,"column":5}},"35":{"start":{"line":72,"column":64},"end":{"line":83,"column":4}},"36":{"start":{"line":73,"column":4},"end":{"line":82,"column":5}},"37":{"start":{"line":74,"column":6},"end":{"line":77,"column":8}},"38":{"start":{"line":78,"column":6},"end":{"line":78,"column":27}},"39":{"start":{"line":79,"column":6},"end":{"line":79,"column":37}},"40":{"start":{"line":81,"column":6},"end":{"line":81,"column":63}},"41":{"start":{"line":85,"column":2},"end":{"line":93,"column":5}},"42":{"start":{"line":85,"column":62},"end":{"line":93,"column":4}},"43":{"start":{"line":86,"column":4},"end":{"line":92,"column":5}},"44":{"start":{"line":87,"column":6},"end":{"line":87,"column":63}},"45":{"start":{"line":88,"column":6},"end":{"line":88,"column":27}},"46":{"start":{"line":89,"column":6},"end":{"line":89,"column":39}},"47":{"start":{"line":91,"column":6},"end":{"line":91,"column":65}},"48":{"start":{"line":95,"column":2},"end":{"line":95,"column":16}},"49":{"start":{"line":10,"column":0},"end":{"line":10,"column":24}}},"fnMap":{"0":{"name":"FoldersRouter","decl":{"start":{"line":10,"column":24},"end":{"line":10,"column":37}},"loc":{"start":{"line":17,"column":52},"end":{"line":96,"column":1}}},"1":{"name":"(anonymous_9)","decl":{"start":{"line":21,"column":18},"end":{"line":21,"column":25}},"loc":{"start":{"line":21,"column":56},"end":{"line":28,"column":4}}},"2":{"name":"(anonymous_10)","decl":{"start":{"line":21,"column":56},"end":{"line":21,"column":null}},"loc":{"start":{"line":21,"column":56},"end":{"line":28,"column":3}}},"3":{"name":"(anonymous_11)","decl":{"start":{"line":30,"column":21},"end":{"line":30,"column":28}},"loc":{"start":{"line":30,"column":59},"end":{"line":39,"column":4}}},"4":{"name":"(anonymous_12)","decl":{"start":{"line":30,"column":59},"end":{"line":30,"column":null}},"loc":{"start":{"line":30,"column":59},"end":{"line":39,"column":3}}},"5":{"name":"(anonymous_13)","decl":{"start":{"line":41,"column":27},"end":{"line":41,"column":34}},"loc":{"start":{"line":41,"column":65},"end":{"line":50,"column":4}}},"6":{"name":"(anonymous_14)","decl":{"start":{"line":41,"column":65},"end":{"line":41,"column":null}},"loc":{"start":{"line":41,"column":65},"end":{"line":50,"column":3}}},"7":{"name":"(anonymous_15)","decl":{"start":{"line":52,"column":19},"end":{"line":52,"column":26}},"loc":{"start":{"line":52,"column":57},"end":{"line":60,"column":4}}},"8":{"name":"(anonymous_16)","decl":{"start":{"line":52,"column":57},"end":{"line":52,"column":null}},"loc":{"start":{"line":52,"column":57},"end":{"line":60,"column":3}}},"9":{"name":"(anonymous_17)","decl":{"start":{"line":62,"column":21},"end":{"line":62,"column":28}},"loc":{"start":{"line":62,"column":59},"end":{"line":70,"column":4}}},"10":{"name":"(anonymous_18)","decl":{"start":{"line":62,"column":59},"end":{"line":62,"column":null}},"loc":{"start":{"line":62,"column":59},"end":{"line":70,"column":3}}},"11":{"name":"(anonymous_19)","decl":{"start":{"line":72,"column":26},"end":{"line":72,"column":33}},"loc":{"start":{"line":72,"column":64},"end":{"line":83,"column":4}}},"12":{"name":"(anonymous_20)","decl":{"start":{"line":72,"column":64},"end":{"line":72,"column":null}},"loc":{"start":{"line":72,"column":64},"end":{"line":83,"column":3}}},"13":{"name":"(anonymous_21)","decl":{"start":{"line":85,"column":24},"end":{"line":85,"column":31}},"loc":{"start":{"line":85,"column":62},"end":{"line":93,"column":4}}},"14":{"name":"(anonymous_22)","decl":{"start":{"line":85,"column":62},"end":{"line":85,"column":null}},"loc":{"start":{"line":85,"column":62},"end":{"line":93,"column":3}}}},"branchMap":{},"s":{"0":2,"1":2,"2":2,"3":3,"4":3,"5":3,"6":2,"7":1,"8":2,"9":2,"10":2,"11":2,"12":1,"13":1,"14":2,"15":2,"16":2,"17":2,"18":1,"19":1,"20":2,"21":2,"22":2,"23":2,"24":1,"25":1,"26":1,"27":2,"28":2,"29":2,"30":2,"31":1,"32":1,"33":1,"34":2,"35":2,"36":2,"37":2,"38":1,"39":1,"40":1,"41":2,"42":2,"43":2,"44":2,"45":1,"46":1,"47":1,"48":2,"49":2},"f":{"0":2,"1":3,"2":3,"3":2,"4":2,"5":2,"6":2,"7":2,"8":2,"9":2,"10":2,"11":2,"12":2,"13":2,"14":2},"b":{}}
}
