TN:
SF:src\server.ts
FNF:0
FNH:0
DA:1,2
DA:3,2
DA:4,2
DA:5,2
LF:4
LH:4
BRF:0
BRH:0
end_of_record
TN:
SF:src\folder\presentation\routers\folder-router.ts
FN:8,FoldersRouter
FN:17,(anonymous_9)
FN:17,(anonymous_10)
FN:26,(anonymous_11)
FN:26,(anonymous_12)
FN:36,(anonymous_13)
FN:36,(anonymous_14)
FN:46,(anonymous_15)
FN:46,(anonymous_16)
FN:59,(anonymous_17)
FN:59,(anonymous_18)
FNF:11
FNH:11
FNDA:2,FoldersRouter
FNDA:3,(anonymous_9)
FNDA:3,(anonymous_10)
FNDA:2,(anonymous_11)
FNDA:2,(anonymous_12)
FNDA:2,(anonymous_13)
FNDA:2,(anonymous_14)
FNDA:2,(anonymous_15)
FNDA:2,(anonymous_16)
FNDA:2,(anonymous_17)
FNDA:2,(anonymous_18)
DA:1,2
DA:8,2
DA:15,2
DA:17,3
DA:18,3
DA:19,3
DA:20,2
DA:22,1
DA:26,2
DA:27,2
DA:28,2
DA:29,1
DA:30,1
DA:32,1
DA:36,2
DA:37,2
DA:38,2
DA:39,1
DA:40,1
DA:42,1
DA:46,2
DA:47,2
DA:48,2
DA:52,1
DA:53,1
DA:55,1
DA:59,2
DA:60,2
DA:61,2
DA:62,1
DA:63,1
DA:65,1
DA:69,2
LF:33
LH:33
BRF:0
BRH:0
end_of_record
