TN:
SF:src/server.ts
FNF:0
FNH:0
DA:1,1
DA:3,1
DA:4,1
DA:5,1
LF:4
LH:4
BRF:0
BRH:0
end_of_record
TN:
SF:src/folder/data/datasources/impl/pg-folder-data-source.ts
FN:9,(anonymous_7)
FN:13,(anonymous_8)
FN:15,(anonymous_10)
FN:25,(anonymous_11)
FN:29,(anonymous_13)
FN:39,(anonymous_14)
FN:43,(anonymous_16)
FN:53,(anonymous_17)
FN:68,(anonymous_19)
FN:73,(anonymous_21)
FN:78,(anonymous_23)
FNF:11
FNH:11
FNDA:7,(anonymous_7)
FNDA:1,(anonymous_8)
FNDA:1,(anonymous_10)
FNDA:1,(anonymous_11)
FNDA:1,(anonymous_13)
FNDA:1,(anonymous_14)
FNDA:1,(anonymous_16)
FNDA:1,(anonymous_17)
FNDA:1,(anonymous_19)
FNDA:1,(anonymous_21)
FNDA:1,(anonymous_23)
DA:5,1
DA:6,1
DA:7,1
DA:10,7
DA:14,1
DA:15,1
DA:16,1
DA:23,1
DA:26,1
DA:29,1
DA:30,1
DA:37,1
DA:40,1
DA:43,1
DA:44,1
DA:51,1
DA:60,1
DA:69,1
DA:74,1
DA:79,1
LF:20
LH:20
BRDA:48,0,0,0
BRDA:48,0,1,1
BRF:2
BRH:1
end_of_record
TN:
SF:src/folder/data/repos/folder-repository-impl.ts
FN:7,(anonymous_7)
FN:10,(anonymous_8)
FN:15,(anonymous_10)
FN:20,(anonymous_12)
FN:25,(anonymous_14)
FN:30,(anonymous_16)
FN:35,(anonymous_18)
FN:40,(anonymous_20)
FNF:8
FNH:8
FNDA:7,(anonymous_7)
FNDA:1,(anonymous_8)
FNDA:1,(anonymous_10)
FNDA:1,(anonymous_12)
FNDA:1,(anonymous_14)
FNDA:1,(anonymous_16)
FNDA:1,(anonymous_18)
FNDA:1,(anonymous_20)
DA:5,1
DA:8,7
DA:11,1
DA:12,1
DA:16,1
DA:17,1
DA:21,1
DA:22,1
DA:26,1
DA:27,1
DA:31,1
DA:32,1
DA:36,1
DA:37,1
DA:41,1
DA:42,1
LF:16
LH:16
BRF:0
BRH:0
end_of_record
TN:
SF:src/folder/presentation/routers/folder-router.ts
FN:10,FoldersRouter
FN:21,(anonymous_9)
FN:21,(anonymous_10)
FN:31,(anonymous_11)
FN:31,(anonymous_12)
FN:43,(anonymous_13)
FN:43,(anonymous_14)
FN:54,(anonymous_15)
FN:54,(anonymous_16)
FN:65,(anonymous_17)
FN:65,(anonymous_18)
FN:75,(anonymous_19)
FN:75,(anonymous_20)
FN:88,(anonymous_21)
FN:88,(anonymous_22)
FNF:15
FNH:15
FNDA:1,FoldersRouter
FNDA:2,(anonymous_9)
FNDA:2,(anonymous_10)
FNDA:2,(anonymous_11)
FNDA:2,(anonymous_12)
FNDA:2,(anonymous_13)
FNDA:2,(anonymous_14)
FNDA:2,(anonymous_15)
FNDA:2,(anonymous_16)
FNDA:2,(anonymous_17)
FNDA:2,(anonymous_18)
FNDA:2,(anonymous_19)
FNDA:2,(anonymous_20)
FNDA:2,(anonymous_21)
FNDA:2,(anonymous_22)
DA:1,1
DA:10,1
DA:19,1
DA:21,2
DA:22,2
DA:23,2
DA:24,1
DA:26,1
DA:27,1
DA:31,2
DA:32,2
DA:33,2
DA:36,1
DA:38,1
DA:39,1
DA:43,2
DA:44,2
DA:45,2
DA:48,1
DA:50,1
DA:54,2
DA:55,2
DA:56,2
DA:57,1
DA:58,1
DA:60,1
DA:61,1
DA:65,2
DA:66,2
DA:67,2
DA:68,1
DA:69,1
DA:71,1
DA:75,2
DA:76,2
DA:77,2
DA:81,1
DA:82,1
DA:84,1
DA:88,2
DA:89,2
DA:90,2
DA:91,1
DA:92,1
DA:94,1
DA:98,1
LF:46
LH:46
BRF:0
BRH:0
end_of_record
